<?xml version="1.0" encoding="UTF-8"?>
<coverage generated="1668072525642" clover="3.2.0">
  <project timestamp="1668072525643" name="All files">
    <metrics statements="87" coveredstatements="41" conditionals="12" coveredconditionals="2" methods="16" coveredmethods="4" elements="115" coveredelements="47" complexity="0" loc="87" ncloc="87" packages="1" files="3" classes="3"/>
    <file name="add.js" path="C:\Users\ashas\to-do-list\src\modules\add.js">
      <metrics statements="43" coveredstatements="32" conditionals="4" coveredconditionals="1" methods="8" coveredmethods="3"/>
      <line num="8" count="0" type="stmt"/>
      <line num="9" count="0" type="stmt"/>
      <line num="10" count="0" type="stmt"/>
      <line num="14" count="2" type="stmt"/>
      <line num="15" count="2" type="stmt"/>
      <line num="16" count="2" type="stmt"/>
      <line num="17" count="2" type="stmt"/>
      <line num="18" count="2" type="stmt"/>
      <line num="19" count="2" type="stmt"/>
      <line num="20" count="2" type="stmt"/>
      <line num="21" count="2" type="stmt"/>
      <line num="22" count="2" type="stmt"/>
      <line num="23" count="2" type="stmt"/>
      <line num="24" count="2" type="stmt"/>
      <line num="25" count="2" type="stmt"/>
      <line num="26" count="2" type="stmt"/>
      <line num="28" count="2" type="stmt"/>
      <line num="29" count="0" type="stmt"/>
      <line num="30" count="0" type="stmt"/>
      <line num="32" count="0" type="stmt"/>
      <line num="35" count="2" type="stmt"/>
      <line num="36" count="0" type="stmt"/>
      <line num="39" count="2" type="stmt"/>
      <line num="40" count="0" type="stmt"/>
      <line num="43" count="2" type="stmt"/>
      <line num="44" count="0" type="stmt"/>
      <line num="47" count="2" type="stmt"/>
      <line num="48" count="2" type="stmt"/>
      <line num="49" count="2" type="stmt"/>
      <line num="50" count="2" type="stmt"/>
      <line num="51" count="2" type="stmt"/>
      <line num="52" count="2" type="stmt"/>
      <line num="53" count="2" type="stmt"/>
      <line num="57" count="2" type="stmt"/>
      <line num="58" count="1" type="stmt"/>
      <line num="59" count="1" type="stmt"/>
      <line num="60" count="1" type="stmt"/>
      <line num="61" count="1" type="stmt"/>
      <line num="62" count="1" type="cond" truecount="1" falsecount="1"/>
      <line num="65" count="1" type="stmt"/>
      <line num="66" count="1" type="stmt"/>
      <line num="67" count="0" type="cond" truecount="0" falsecount="2"/>
      <line num="70" count="0" type="stmt"/>
    </file>
    <file name="edit.js" path="C:\Users\ashas\to-do-list\src\modules\edit.js">
      <metrics statements="26" coveredstatements="7" conditionals="6" coveredconditionals="1" methods="5" coveredmethods="1"/>
      <line num="1" count="2" type="stmt"/>
      <line num="5" count="1" type="stmt"/>
      <line num="6" count="1" type="cond" truecount="1" falsecount="1"/>
      <line num="7" count="1" type="stmt"/>
      <line num="13" count="2" type="stmt"/>
      <line num="14" count="0" type="stmt"/>
      <line num="18" count="2" type="stmt"/>
      <line num="19" count="0" type="stmt"/>
      <line num="20" count="0" type="stmt"/>
      <line num="21" count="0" type="stmt"/>
      <line num="22" count="0" type="stmt"/>
      <line num="23" count="0" type="stmt"/>
      <line num="24" count="0" type="stmt"/>
      <line num="25" count="0" type="stmt"/>
      <line num="26" count="0" type="cond" truecount="0" falsecount="2"/>
      <line num="27" count="0" type="stmt"/>
      <line num="29" count="0" type="stmt"/>
      <line num="31" count="0" type="cond" truecount="0" falsecount="2"/>
      <line num="32" count="0" type="stmt"/>
      <line num="35" count="0" type="stmt"/>
      <line num="36" count="0" type="stmt"/>
      <line num="37" count="0" type="stmt"/>
      <line num="42" count="2" type="stmt"/>
      <line num="43" count="0" type="stmt"/>
      <line num="44" count="0" type="stmt"/>
      <line num="45" count="0" type="stmt"/>
    </file>
    <file name="status.js" path="C:\Users\ashas\to-do-list\src\modules\status.js">
      <metrics statements="18" coveredstatements="2" conditionals="2" coveredconditionals="0" methods="3" coveredmethods="0"/>
      <line num="2" count="2" type="stmt"/>
      <line num="3" count="0" type="stmt"/>
      <line num="4" count="0" type="stmt"/>
      <line num="6" count="0" type="stmt"/>
      <line num="7" count="0" type="cond" truecount="0" falsecount="2"/>
      <line num="8" count="0" type="stmt"/>
      <line num="9" count="0" type="stmt"/>
      <line num="10" count="0" type="stmt"/>
      <line num="11" count="0" type="stmt"/>
      <line num="12" count="0" type="stmt"/>
      <line num="17" count="2" type="stmt"/>
      <line num="18" count="0" type="stmt"/>
      <line num="19" count="0" type="stmt"/>
      <line num="20" count="0" type="stmt"/>
      <line num="21" count="0" type="stmt"/>
      <line num="22" count="0" type="stmt"/>
      <line num="23" count="0" type="stmt"/>
      <line num="24" count="0" type="stmt"/>
    </file>
  </project>
</coverage>
