{"C:\\Users\\cluab\\Microverse\\javascript\\to-do-list\\src\\modules\\add.js": {"path":"C:\\Users\\cluab\\Microverse\\javascript\\to-do-list\\src\\modules\\add.js","statementMap":{"0":{"start":{"line":8,"column":4},"end":{"line":8,"column":35}},"1":{"start":{"line":9,"column":4},"end":{"line":9,"column":27}},"2":{"start":{"line":10,"column":4},"end":{"line":10,"column":21}},"3":{"start":{"line":13,"column":15},"end":{"line":15,"column":3}},"4":{"start":{"line":14,"column":4},"end":{"line":14,"column":26}},"5":{"start":{"line":18,"column":21},"end":{"line":55,"column":3}},"6":{"start":{"line":19,"column":20},"end":{"line":19,"column":54}},"7":{"start":{"line":20,"column":15},"end":{"line":20,"column":43}},"8":{"start":{"line":21,"column":16},"end":{"line":21,"column":45}},"9":{"start":{"line":22,"column":21},"end":{"line":22,"column":52}},"10":{"start":{"line":23,"column":17},"end":{"line":23,"column":48}},"11":{"start":{"line":24,"column":17},"end":{"line":24,"column":44}},"12":{"start":{"line":25,"column":4},"end":{"line":25,"column":52}},"13":{"start":{"line":26,"column":4},"end":{"line":26,"column":38}},"14":{"start":{"line":27,"column":4},"end":{"line":27,"column":31}},"15":{"start":{"line":28,"column":4},"end":{"line":28,"column":23}},"16":{"start":{"line":29,"column":4},"end":{"line":29,"column":36}},"17":{"start":{"line":30,"column":4},"end":{"line":30,"column":44}},"18":{"start":{"line":32,"column":4},"end":{"line":34,"column":7}},"19":{"start":{"line":33,"column":6},"end":{"line":33,"column":35}},"20":{"start":{"line":36,"column":4},"end":{"line":38,"column":7}},"21":{"start":{"line":37,"column":6},"end":{"line":37,"column":43}},"22":{"start":{"line":40,"column":4},"end":{"line":42,"column":7}},"23":{"start":{"line":41,"column":6},"end":{"line":41,"column":41}},"24":{"start":{"line":44,"column":4},"end":{"line":46,"column":7}},"25":{"start":{"line":45,"column":6},"end":{"line":45,"column":38}},"26":{"start":{"line":48,"column":4},"end":{"line":48,"column":49}},"27":{"start":{"line":49,"column":4},"end":{"line":49,"column":34}},"28":{"start":{"line":50,"column":4},"end":{"line":50,"column":29}},"29":{"start":{"line":51,"column":4},"end":{"line":51,"column":25}},"30":{"start":{"line":52,"column":4},"end":{"line":52,"column":26}},"31":{"start":{"line":53,"column":4},"end":{"line":53,"column":24}},"32":{"start":{"line":54,"column":4},"end":{"line":54,"column":28}},"33":{"start":{"line":58,"column":22},"end":{"line":77,"column":3}},"34":{"start":{"line":59,"column":25},"end":{"line":59,"column":53}},"35":{"start":{"line":60,"column":17},"end":{"line":60,"column":41}},"36":{"start":{"line":61,"column":21},"end":{"line":61,"column":61}},"37":{"start":{"line":62,"column":16},"end":{"line":62,"column":17}},"38":{"start":{"line":63,"column":4},"end":{"line":76,"column":7}},"39":{"start":{"line":64,"column":6},"end":{"line":75,"column":7}},"40":{"start":{"line":66,"column":8},"end":{"line":66,"column":49}},"41":{"start":{"line":67,"column":8},"end":{"line":67,"column":40}},"42":{"start":{"line":68,"column":8},"end":{"line":68,"column":59}},"43":{"start":{"line":69,"column":8},"end":{"line":69,"column":19}},"44":{"start":{"line":70,"column":13},"end":{"line":75,"column":7}},"45":{"start":{"line":72,"column":8},"end":{"line":72,"column":49}},"46":{"start":{"line":73,"column":8},"end":{"line":73,"column":59}},"47":{"start":{"line":74,"column":8},"end":{"line":74,"column":19}}},"fnMap":{"0":{"name":"(anonymous_0)","decl":{"start":{"line":7,"column":2},"end":{"line":7,"column":3}},"loc":{"start":{"line":7,"column":32},"end":{"line":11,"column":3}},"line":7},"1":{"name":"(anonymous_1)","decl":{"start":{"line":13,"column":15},"end":{"line":13,"column":16}},"loc":{"start":{"line":13,"column":32},"end":{"line":15,"column":3}},"line":13},"2":{"name":"(anonymous_2)","decl":{"start":{"line":18,"column":21},"end":{"line":18,"column":22}},"loc":{"start":{"line":18,"column":31},"end":{"line":55,"column":3}},"line":18},"3":{"name":"(anonymous_3)","decl":{"start":{"line":32,"column":35},"end":{"line":32,"column":36}},"loc":{"start":{"line":32,"column":41},"end":{"line":34,"column":5}},"line":32},"4":{"name":"(anonymous_4)","decl":{"start":{"line":36,"column":39},"end":{"line":36,"column":40}},"loc":{"start":{"line":36,"column":45},"end":{"line":38,"column":5}},"line":36},"5":{"name":"(anonymous_5)","decl":{"start":{"line":40,"column":36},"end":{"line":40,"column":37}},"loc":{"start":{"line":40,"column":42},"end":{"line":42,"column":5}},"line":40},"6":{"name":"(anonymous_6)","decl":{"start":{"line":44,"column":33},"end":{"line":44,"column":34}},"loc":{"start":{"line":44,"column":39},"end":{"line":46,"column":5}},"line":44},"7":{"name":"(anonymous_7)","decl":{"start":{"line":58,"column":22},"end":{"line":58,"column":23}},"loc":{"start":{"line":58,"column":28},"end":{"line":77,"column":3}},"line":58},"8":{"name":"(anonymous_8)","decl":{"start":{"line":63,"column":21},"end":{"line":63,"column":22}},"loc":{"start":{"line":63,"column":35},"end":{"line":76,"column":5}},"line":63}},"branchMap":{"0":{"loc":{"start":{"line":64,"column":6},"end":{"line":75,"column":7}},"type":"if","locations":[{"start":{"line":64,"column":6},"end":{"line":75,"column":7}},{"start":{"line":70,"column":13},"end":{"line":75,"column":7}}],"line":64},"1":{"loc":{"start":{"line":70,"column":13},"end":{"line":75,"column":7}},"type":"if","locations":[{"start":{"line":70,"column":13},"end":{"line":75,"column":7}},{"start":{},"end":{}}],"line":70}},"s":{"0":0,"1":0,"2":0,"3":1,"4":0,"5":1,"6":1,"7":1,"8":1,"9":1,"10":1,"11":1,"12":1,"13":1,"14":1,"15":1,"16":1,"17":1,"18":1,"19":0,"20":1,"21":0,"22":1,"23":0,"24":1,"25":0,"26":1,"27":1,"28":1,"29":1,"30":1,"31":1,"32":1,"33":1,"34":0,"35":0,"36":0,"37":0,"38":0,"39":0,"40":0,"41":0,"42":0,"43":0,"44":0,"45":0,"46":0,"47":0},"f":{"0":0,"1":0,"2":1,"3":0,"4":0,"5":0,"6":0,"7":0,"8":0},"b":{"0":[0,0],"1":[0,0]},"_coverageSchema":"1a1c01bbd47fc00a2c39e90264f33305004495a9","hash":"ae2cd40ea1cfdac467f38ebca0d7e9bc4fc54e07"}
,"C:\\Users\\cluab\\Microverse\\javascript\\to-do-list\\src\\modules\\edit.js": {"path":"C:\\Users\\cluab\\Microverse\\javascript\\to-do-list\\src\\modules\\edit.js","statementMap":{"0":{"start":{"line":1,"column":13},"end":{"line":11,"column":1}},"1":{"start":{"line":2,"column":23},"end":{"line":2,"column":51}},"2":{"start":{"line":3,"column":15},"end":{"line":3,"column":39}},"3":{"start":{"line":5,"column":2},"end":{"line":10,"column":3}},"4":{"start":{"line":5,"column":15},"end":{"line":5,"column":16}},"5":{"start":{"line":6,"column":4},"end":{"line":9,"column":5}},"6":{"start":{"line":7,"column":6},"end":{"line":7,"column":34}},"7":{"start":{"line":8,"column":6},"end":{"line":8,"column":57}},"8":{"start":{"line":13,"column":16},"end":{"line":34,"column":1}},"9":{"start":{"line":14,"column":2},"end":{"line":14,"column":44}},"10":{"start":{"line":15,"column":2},"end":{"line":15,"column":46}},"11":{"start":{"line":16,"column":2},"end":{"line":16,"column":37}},"12":{"start":{"line":17,"column":2},"end":{"line":33,"column":5}},"13":{"start":{"line":18,"column":25},"end":{"line":18,"column":53}},"14":{"start":{"line":19,"column":17},"end":{"line":19,"column":41}},"15":{"start":{"line":20,"column":4},"end":{"line":32,"column":5}},"16":{"start":{"line":20,"column":17},"end":{"line":20,"column":18}},"17":{"start":{"line":21,"column":6},"end":{"line":23,"column":7}},"18":{"start":{"line":22,"column":8},"end":{"line":22,"column":26}},"19":{"start":{"line":24,"column":6},"end":{"line":29,"column":7}},"20":{"start":{"line":24,"column":19},"end":{"line":24,"column":20}},"21":{"start":{"line":26,"column":8},"end":{"line":28,"column":9}},"22":{"start":{"line":27,"column":10},"end":{"line":27,"column":32}},"23":{"start":{"line":30,"column":6},"end":{"line":30,"column":57}},"24":{"start":{"line":31,"column":6},"end":{"line":31,"column":34}},"25":{"start":{"line":36,"column":13},"end":{"line":40,"column":1}},"26":{"start":{"line":37,"column":2},"end":{"line":37,"column":37}},"27":{"start":{"line":38,"column":2},"end":{"line":38,"column":39}},"28":{"start":{"line":39,"column":2},"end":{"line":39,"column":37}}},"fnMap":{"0":{"name":"(anonymous_0)","decl":{"start":{"line":1,"column":13},"end":{"line":1,"column":14}},"loc":{"start":{"line":1,"column":31},"end":{"line":11,"column":1}},"line":1},"1":{"name":"(anonymous_1)","decl":{"start":{"line":13,"column":16},"end":{"line":13,"column":17}},"loc":{"start":{"line":13,"column":43},"end":{"line":34,"column":1}},"line":13},"2":{"name":"(anonymous_2)","decl":{"start":{"line":17,"column":33},"end":{"line":17,"column":34}},"loc":{"start":{"line":17,"column":39},"end":{"line":33,"column":3}},"line":17},"3":{"name":"(anonymous_3)","decl":{"start":{"line":36,"column":13},"end":{"line":36,"column":14}},"loc":{"start":{"line":36,"column":40},"end":{"line":40,"column":1}},"line":36}},"branchMap":{"0":{"loc":{"start":{"line":6,"column":4},"end":{"line":9,"column":5}},"type":"if","locations":[{"start":{"line":6,"column":4},"end":{"line":9,"column":5}},{"start":{},"end":{}}],"line":6},"1":{"loc":{"start":{"line":21,"column":6},"end":{"line":23,"column":7}},"type":"if","locations":[{"start":{"line":21,"column":6},"end":{"line":23,"column":7}},{"start":{},"end":{}}],"line":21},"2":{"loc":{"start":{"line":26,"column":8},"end":{"line":28,"column":9}},"type":"if","locations":[{"start":{"line":26,"column":8},"end":{"line":28,"column":9}},{"start":{},"end":{}}],"line":26}},"s":{"0":1,"1":0,"2":0,"3":0,"4":0,"5":0,"6":0,"7":0,"8":1,"9":0,"10":0,"11":0,"12":0,"13":0,"14":0,"15":0,"16":0,"17":0,"18":0,"19":0,"20":0,"21":0,"22":0,"23":0,"24":0,"25":1,"26":0,"27":0,"28":0},"f":{"0":0,"1":0,"2":0,"3":0},"b":{"0":[0,0],"1":[0,0],"2":[0,0]},"_coverageSchema":"1a1c01bbd47fc00a2c39e90264f33305004495a9","hash":"c9f872fe7a6c20d8ccc7cccfc9021816cce4b5a3"}
,"C:\\Users\\cluab\\Microverse\\javascript\\to-do-list\\src\\modules\\status.js": {"path":"C:\\Users\\cluab\\Microverse\\javascript\\to-do-list\\src\\modules\\status.js","statementMap":{"0":{"start":{"line":2,"column":15},"end":{"line":15,"column":1}},"1":{"start":{"line":3,"column":23},"end":{"line":3,"column":51}},"2":{"start":{"line":4,"column":15},"end":{"line":4,"column":39}},"3":{"start":{"line":6,"column":2},"end":{"line":14,"column":3}},"4":{"start":{"line":6,"column":15},"end":{"line":6,"column":16}},"5":{"start":{"line":7,"column":4},"end":{"line":13,"column":5}},"6":{"start":{"line":8,"column":6},"end":{"line":8,"column":32}},"7":{"start":{"line":9,"column":6},"end":{"line":9,"column":57}},"8":{"start":{"line":10,"column":27},"end":{"line":10,"column":55}},"9":{"start":{"line":11,"column":19},"end":{"line":11,"column":43}},"10":{"start":{"line":12,"column":6},"end":{"line":12,"column":32}},"11":{"start":{"line":17,"column":14},"end":{"line":26,"column":1}},"12":{"start":{"line":18,"column":23},"end":{"line":18,"column":51}},"13":{"start":{"line":19,"column":19},"end":{"line":19,"column":59}},"14":{"start":{"line":20,"column":14},"end":{"line":20,"column":15}},"15":{"start":{"line":21,"column":2},"end":{"line":25,"column":5}},"16":{"start":{"line":22,"column":17},"end":{"line":22,"column":41}},"17":{"start":{"line":23,"column":4},"end":{"line":23,"column":45}},"18":{"start":{"line":24,"column":4},"end":{"line":24,"column":15}}},"fnMap":{"0":{"name":"(anonymous_0)","decl":{"start":{"line":2,"column":15},"end":{"line":2,"column":16}},"loc":{"start":{"line":2,"column":33},"end":{"line":15,"column":1}},"line":2},"1":{"name":"(anonymous_1)","decl":{"start":{"line":17,"column":14},"end":{"line":17,"column":15}},"loc":{"start":{"line":17,"column":20},"end":{"line":26,"column":1}},"line":17},"2":{"name":"(anonymous_2)","decl":{"start":{"line":21,"column":19},"end":{"line":21,"column":20}},"loc":{"start":{"line":21,"column":33},"end":{"line":25,"column":3}},"line":21}},"branchMap":{"0":{"loc":{"start":{"line":7,"column":4},"end":{"line":13,"column":5}},"type":"if","locations":[{"start":{"line":7,"column":4},"end":{"line":13,"column":5}},{"start":{},"end":{}}],"line":7}},"s":{"0":1,"1":0,"2":0,"3":0,"4":0,"5":0,"6":0,"7":0,"8":0,"9":0,"10":0,"11":1,"12":0,"13":0,"14":0,"15":0,"16":0,"17":0,"18":0},"f":{"0":0,"1":0,"2":0},"b":{"0":[0,0]},"_coverageSchema":"1a1c01bbd47fc00a2c39e90264f33305004495a9","hash":"74f65322160aed5e6cc0e383a3068c31de2a811c"}
}
